<?xml version="1.0" encoding="UTF-8"?>
<!-- Generated by org.testng.reporters.JUnitXMLReporter -->
<testsuite hostname="EPRURYAW0076" ignored="0" name="ChromeTest" tests="5" failures="0" timestamp="10 Aug 2017 07:12:51 GMT" time="0.022" errors="0">
  <testcase name="@BeforeTest startBrowser" time="0.0" classname="tests.GmailTest">
    <failure type="java.lang.NullPointerException">
      <![CDATA[java.lang.NullPointerException
	at tests.GmailTest.startBrowser(GmailTest.java:51)
	at java.util.concurrent.FutureTask.run(FutureTask.java:266)
	at java.util.concurrent.ThreadPoolExecutor.runWorker(ThreadPoolExecutor.java:1142)
	at java.util.concurrent.ThreadPoolExecutor$Worker.run(ThreadPoolExecutor.java:617)
	at java.lang.Thread.run(Thread.java:745)
... Removed 14 stack frames]]>
    </failure>
  </testcase> <!-- @BeforeTest startBrowser -->
  <testcase name="@BeforeTest setImplicite" time="0.0" classname="tests.GmailTest">
    <skipped/>
  </testcase> <!-- @BeforeTest setImplicite -->
  <testcase name="@AfterTest cleanUp" time="0.0" classname="tests.GmailTest">
    <skipped/>
  </testcase> <!-- @AfterTest cleanUp -->
  <testcase name="@AfterTest closeBrowser" time="0.0" classname="tests.GmailTest">
    <failure type="java.lang.NullPointerException">
      <![CDATA[java.lang.NullPointerException
	at tests.GmailTest.closeBrowser(GmailTest.java:113)
	at java.util.concurrent.FutureTask.run(FutureTask.java:266)
	at java.util.concurrent.ThreadPoolExecutor.runWorker(ThreadPoolExecutor.java:1142)
	at java.util.concurrent.ThreadPoolExecutor$Worker.run(ThreadPoolExecutor.java:617)
	at java.lang.Thread.run(Thread.java:745)
... Removed 14 stack frames]]>
    </failure>
  </testcase> <!-- @AfterTest closeBrowser -->
  <testcase name="loginValidUser" time="0.001" classname="tests.GmailTest">
    <skipped/>
  </testcase> <!-- loginValidUser -->
  <testcase name="writeLetterAndSave" time="0.0" classname="tests.GmailTest">
    <skipped/>
  </testcase> <!-- writeLetterAndSave -->
  <testcase name="verifyInputFields" time="0.0" classname="tests.GmailTest">
    <skipped/>
  </testcase> <!-- verifyInputFields -->
  <testcase name="verifyDrafts" time="0.0" classname="tests.GmailTest">
    <skipped/>
  </testcase> <!-- verifyDrafts -->
  <testcase name="verifySentMails" time="0.0" classname="tests.GmailTest">
    <skipped/>
  </testcase> <!-- verifySentMails -->
</testsuite> <!-- ChromeTest -->
