<?xml version="1.0" encoding="UTF-8"?>
<!-- Generated by org.testng.reporters.JUnitXMLReporter -->
<testsuite hostname="EPRURYAW0076" ignored="0" name="Test" tests="4" failures="0" timestamp="14 Aug 2017 08:24:30 GMT" time="19.099" errors="0">
  <testcase name="loginValidUser" time="4.428" classname="tests.GmailTest"/>
  <testcase name="writeLetterAndSave" time="4.153" classname="tests.GmailTest"/>
  <testcase name="verifyInputFields" time="1.997" classname="tests.GmailTest"/>
  <testcase name="verifySentMails" time="0.435" classname="tests.GmailTest"/>
</testsuite> <!-- Test -->
