<?xml version="1.0" encoding="UTF-8"?>
<!-- Generated by org.testng.reporters.JUnitXMLReporter -->
<testsuite hostname="EPRURYAW0076" ignored="0" name="Test for formal letter" tests="5" failures="0" timestamp="16 Aug 2017 06:40:39 GMT" time="17.836" errors="0">
  <testcase name="loginValidUser" time="5.105" classname="tests.GmailTest"/>
  <testcase name="writeLetterAndSave" time="4.233" classname="tests.GmailTest"/>
  <testcase name="verifyInputFields" time="1.87" classname="tests.GmailTest"/>
  <testcase name="verifySentMails" time="0.397" classname="tests.GmailTest"/>
  <testcase name="cleanUp" time="1.241" classname="tests.GmailTest"/>
</testsuite> <!-- Test for formal letter -->
