<?xml version="1.0" encoding="UTF-8"?>
<testng-results skipped="0" failed="0" ignored="0" total="5" passed="5">
  <reporter-output>
    <line>
      <![CDATA[Finding element: By.id: identifierId, current URL: 'https://accounts.google.com/signin/v2/identifier?service=mail&passive=true&rm=false&continue=https%3A%2F%2Fmail.google.com%2Fmail%2F&ss=1&scc=1&ltmpl=default&ltmplcache=2&emr=1&osid=1&flowName=GlifWebSignIn&flowEntry=ServiceLogin']]>
    </line>
    <line>
      <![CDATA[Finding element: By.id: identifierId, current URL: 'https://accounts.google.com/signin/v2/identifier?service=mail&passive=true&rm=false&continue=https%3A%2F%2Fmail.google.com%2Fmail%2F&ss=1&scc=1&ltmpl=default&ltmplcache=2&emr=1&osid=1&flowName=GlifWebSignIn&flowEntry=ServiceLogin']]>
    </line>
    <line>
      <![CDATA[Finding element: By.id: identifierNext, current URL: 'https://accounts.google.com/signin/v2/identifier?service=mail&passive=true&rm=false&continue=https%3A%2F%2Fmail.google.com%2Fmail%2F&ss=1&scc=1&ltmpl=default&ltmplcache=2&emr=1&osid=1&flowName=GlifWebSignIn&flowEntry=ServiceLogin']]>
    </line>
    <line>
      <![CDATA[Finding element: By.name: password, current URL: 'https://accounts.google.com/signin/v2/identifier?service=mail&passive=true&rm=false&continue=https%3A%2F%2Fmail.google.com%2Fmail%2F&ss=1&scc=1&ltmpl=default&ltmplcache=2&emr=1&osid=1&flowName=GlifWebSignIn&flowEntry=ServiceLogin']]>
    </line>
    <line>
      <![CDATA[Finding element: By.name: password, current URL: 'https://accounts.google.com/signin/v2/sl/pwd?service=mail&passive=true&rm=false&continue=https%3A%2F%2Fmail.google.com%2Fmail%2F&ss=1&scc=1&ltmpl=default&ltmplcache=2&emr=1&osid=1&flowName=GlifWebSignIn&flowEntry=ServiceLogin&cid=1&navigationDirection=forward']]>
    </line>
    <line>
      <![CDATA[Finding element: By.name: password, current URL: 'https://accounts.google.com/signin/v2/sl/pwd?service=mail&passive=true&rm=false&continue=https%3A%2F%2Fmail.google.com%2Fmail%2F&ss=1&scc=1&ltmpl=default&ltmplcache=2&emr=1&osid=1&flowName=GlifWebSignIn&flowEntry=ServiceLogin&cid=1&navigationDirection=forward']]>
    </line>
    <line>
      <![CDATA[Finding element: By.name: password, current URL: 'https://accounts.google.com/signin/v2/sl/pwd?service=mail&passive=true&rm=false&continue=https%3A%2F%2Fmail.google.com%2Fmail%2F&ss=1&scc=1&ltmpl=default&ltmplcache=2&emr=1&osid=1&flowName=GlifWebSignIn&flowEntry=ServiceLogin&cid=1&navigationDirection=forward']]>
    </line>
    <line>
      <![CDATA[Finding element: By.name: password, current URL: 'https://accounts.google.com/signin/v2/sl/pwd?service=mail&passive=true&rm=false&continue=https%3A%2F%2Fmail.google.com%2Fmail%2F&ss=1&scc=1&ltmpl=default&ltmplcache=2&emr=1&osid=1&flowName=GlifWebSignIn&flowEntry=ServiceLogin&cid=1&navigationDirection=forward']]>
    </line>
    <line>
      <![CDATA[Finding element: By.id: passwordNext, current URL: 'https://accounts.google.com/signin/v2/sl/pwd?service=mail&passive=true&rm=false&continue=https%3A%2F%2Fmail.google.com%2Fmail%2F&ss=1&scc=1&ltmpl=default&ltmplcache=2&emr=1&osid=1&flowName=GlifWebSignIn&flowEntry=ServiceLogin&cid=1&navigationDirection=forward']]>
    </line>
    <line>
      <![CDATA[Finding element: By.id: passwordNext, current URL: 'https://accounts.google.com/signin/v2/sl/pwd?service=mail&passive=true&rm=false&continue=https%3A%2F%2Fmail.google.com%2Fmail%2F&ss=1&scc=1&ltmpl=default&ltmplcache=2&emr=1&osid=1&flowName=GlifWebSignIn&flowEntry=ServiceLogin&cid=1&navigationDirection=forward']]>
    </line>
    <line>
      <![CDATA[Finding element: By.xpath: .//*[starts-with(@href,'https://accounts.google.com/SignOutOptions')], current URL: 'https://accounts.google.com/signin/v2/sl/pwd?service=mail&passive=true&rm=false&continue=https%3A%2F%2Fmail.google.com%2Fmail%2F&ss=1&scc=1&ltmpl=default&ltmplcache=2&emr=1&osid=1&flowName=GlifWebSignIn&flowEntry=ServiceLogin&cid=1&navigationDirection=forward']]>
    </line>
    <line>
      <![CDATA[Finding element: By.xpath: //div[contains(text(), 'НАПИСАТЬ')], current URL: 'https://mail.google.com/mail/#inbox']]>
    </line>
    <line>
      <![CDATA[Finding element: By.name: to, current URL: 'https://mail.google.com/mail/#inbox']]>
    </line>
    <line>
      <![CDATA[Finding element: By.name: to, current URL: 'https://mail.google.com/mail/#inbox?compose=new']]>
    </line>
    <line>
      <![CDATA[Finding element: By.name: subjectbox, current URL: 'https://mail.google.com/mail/#inbox?compose=new']]>
    </line>
    <line>
      <![CDATA[Finding element: By.name: subjectbox, current URL: 'https://mail.google.com/mail/#inbox?compose=new']]>
    </line>
    <line>
      <![CDATA[Finding element: By.xpath: //div[@class='Am Al editable LW-avf'], current URL: 'https://mail.google.com/mail/#inbox?compose=new']]>
    </line>
    <line>
      <![CDATA[Finding element: By.xpath: //div[@class='Am Al editable LW-avf'], current URL: 'https://mail.google.com/mail/#inbox?compose=new']]>
    </line>
    <line>
      <![CDATA[Finding element: By.xpath: //span[contains(text(), 'Сохранено')], current URL: 'https://mail.google.com/mail/#inbox?compose=new']]>
    </line>
    <line>
      <![CDATA[Finding element: By.xpath: //span[contains(text(), 'Сохранено')], current URL: 'https://mail.google.com/mail/#inbox?compose=15de9c5b9e7aeb6a']]>
    </line>
    <line>
      <![CDATA[Finding element: By.xpath: //a[contains(text(), 'Черновики')], current URL: 'https://mail.google.com/mail/#inbox']]>
    </line>
    <line>
      <![CDATA[Finding element: By.xpath: //a[contains(text(), 'Черновики')], current URL: 'https://mail.google.com/mail/#inbox']]>
    </line>
    <line>
      <![CDATA[Finding element: By.xpath: //span[contains(text(), 'Informal letter_1502865626363')], current URL: 'https://mail.google.com/mail/#inbox']]>
    </line>
    <line>
      <![CDATA[Finding element: By.xpath: //div[@role='button' and contains(text(), 'Отправить')], current URL: 'https://mail.google.com/mail/#drafts?compose=15de9c5b9e7aeb6a']]>
    </line>
    <line>
      <![CDATA[Finding element: By.xpath: //div[contains(text(), 'Письмо отправлено')], current URL: 'https://mail.google.com/mail/#drafts?compose=15de9c5b9e7aeb6a']]>
    </line>
    <line>
      <![CDATA[Finding element: By.xpath: //a[contains(text(), 'Отправленные')], current URL: 'https://mail.google.com/mail/#drafts']]>
    </line>
    <line>
      <![CDATA[Finding element: By.xpath: //a[contains(text(), 'Вся почта')], current URL: 'https://mail.google.com/mail/#sent']]>
    </line>
    <line>
      <![CDATA[Finding element: By.xpath: (//div[@data-tooltip='Выбрать' and @aria-label='Выбрать'])[last()], current URL: 'https://mail.google.com/mail/#sent']]>
    </line>
    <line>
      <![CDATA[Finding element: By.xpath: (//div[@data-tooltip='Выбрать' and @aria-label='Выбрать'])[last()], current URL: 'https://mail.google.com/mail/#sent']]>
    </line>
    <line>
      <![CDATA[Finding element: By.xpath: (//div[@aria-label='Удалить']//div)[last()], current URL: 'https://mail.google.com/mail/#all']]>
    </line>
    <line>
      <![CDATA[Finding element: By.xpath: (//div[@aria-label='Удалить']//div)[last()], current URL: 'https://mail.google.com/mail/#all']]>
    </line>
    <line>
      <![CDATA[Finding element: By.xpath: (//div[@aria-label='Удалить']//div)[last()], current URL: 'https://mail.google.com/mail/#all']]>
    </line>
    <line>
      <![CDATA[Finding element: By.xpath: (//div[@aria-label='Удалить']//div)[last()], current URL: 'https://mail.google.com/mail/#all']]>
    </line>
    <line>
      <![CDATA[Finding element: By.name: ok, current URL: 'https://mail.google.com/mail/#all']]>
    </line>
    <line>
      <![CDATA[Finding element: By.xpath: .//*[starts-with(@href,'https://accounts.google.com/SignOutOptions')], current URL: 'https://mail.google.com/mail/#all']]>
    </line>
    <line>
      <![CDATA[Finding element: By.xpath: .//*[starts-with(@href,'https://accounts.google.com/SignOutOptions')], current URL: 'https://mail.google.com/mail/#all']]>
    </line>
    <line>
      <![CDATA[Finding element: By.xpath: .//*[starts-with(@href,'https://accounts.google.com/SignOutOptions')], current URL: 'https://mail.google.com/mail/#all']]>
    </line>
    <line>
      <![CDATA[Finding element: By.linkText: Выйти, current URL: 'https://mail.google.com/mail/#all']]>
    </line>
    <line>
      <![CDATA[Finding element: By.linkText: Выйти, current URL: 'https://mail.google.com/mail/#all']]>
    </line>
  </reporter-output>
  <suite name="Suite" duration-ms="17836" started-at="2017-08-16T06:40:21Z" finished-at="2017-08-16T06:40:39Z">
    <groups>
    </groups>
    <test name="Test for formal letter" duration-ms="17836" started-at="2017-08-16T06:40:21Z" finished-at="2017-08-16T06:40:39Z">
      <class name="tests.GmailTest">
        <test-method status="PASS" signature="startBrowser()[pri:0, instance:tests.GmailTest@ae45eb6]" name="startBrowser" is-config="true" duration-ms="3827" started-at="2017-08-16T09:40:21Z" description="Start browser" finished-at="2017-08-16T09:40:25Z">
          <reporter-output>
          </reporter-output>
        </test-method> <!-- startBrowser -->
        <test-method name="setWaiters" signature="setWaiters()[pri:0, instance:tests.GmailTest@ae45eb6]" is-config="true" status="PASS" duration-ms="1139" finished-at="2017-08-16T09:40:26Z" started-at="2017-08-16T09:40:25Z" depends-on-methods="tests.GmailTest.startBrowser" description="Set up waiters and maximize window">
          <reporter-output>
          </reporter-output>
        </test-method> <!-- setWaiters -->
        <test-method name="setLetter" signature="setLetter(java.lang.String)[pri:0, instance:tests.GmailTest@ae45eb6]" is-config="true" status="PASS" duration-ms="2" finished-at="2017-08-16T09:40:26Z" started-at="2017-08-16T09:40:26Z" depends-on-methods="tests.GmailTest.setWaiters" description="Set a letter">
          <params>
            <param index="0">
              <value>
                <![CDATA[informal]]>
              </value>
            </param>
          </params>
          <reporter-output>
          </reporter-output>
        </test-method> <!-- setLetter -->
        <test-method status="PASS" signature="loginValidUser()[pri:0, instance:tests.GmailTest@ae45eb6]" name="loginValidUser" duration-ms="5105" started-at="2017-08-16T09:40:26Z" description="Go to login page, typing the login and password, verify the right mail page" finished-at="2017-08-16T09:40:31Z">
          <reporter-output>
            <line>
              <![CDATA[Finding element: By.id: identifierId, current URL: 'https://accounts.google.com/signin/v2/identifier?service=mail&passive=true&rm=false&continue=https%3A%2F%2Fmail.google.com%2Fmail%2F&ss=1&scc=1&ltmpl=default&ltmplcache=2&emr=1&osid=1&flowName=GlifWebSignIn&flowEntry=ServiceLogin']]>
            </line>
            <line>
              <![CDATA[Finding element: By.id: identifierId, current URL: 'https://accounts.google.com/signin/v2/identifier?service=mail&passive=true&rm=false&continue=https%3A%2F%2Fmail.google.com%2Fmail%2F&ss=1&scc=1&ltmpl=default&ltmplcache=2&emr=1&osid=1&flowName=GlifWebSignIn&flowEntry=ServiceLogin']]>
            </line>
            <line>
              <![CDATA[Finding element: By.id: identifierNext, current URL: 'https://accounts.google.com/signin/v2/identifier?service=mail&passive=true&rm=false&continue=https%3A%2F%2Fmail.google.com%2Fmail%2F&ss=1&scc=1&ltmpl=default&ltmplcache=2&emr=1&osid=1&flowName=GlifWebSignIn&flowEntry=ServiceLogin']]>
            </line>
            <line>
              <![CDATA[Finding element: By.name: password, current URL: 'https://accounts.google.com/signin/v2/identifier?service=mail&passive=true&rm=false&continue=https%3A%2F%2Fmail.google.com%2Fmail%2F&ss=1&scc=1&ltmpl=default&ltmplcache=2&emr=1&osid=1&flowName=GlifWebSignIn&flowEntry=ServiceLogin']]>
            </line>
            <line>
              <![CDATA[Finding element: By.name: password, current URL: 'https://accounts.google.com/signin/v2/sl/pwd?service=mail&passive=true&rm=false&continue=https%3A%2F%2Fmail.google.com%2Fmail%2F&ss=1&scc=1&ltmpl=default&ltmplcache=2&emr=1&osid=1&flowName=GlifWebSignIn&flowEntry=ServiceLogin&cid=1&navigationDirection=forward']]>
            </line>
            <line>
              <![CDATA[Finding element: By.name: password, current URL: 'https://accounts.google.com/signin/v2/sl/pwd?service=mail&passive=true&rm=false&continue=https%3A%2F%2Fmail.google.com%2Fmail%2F&ss=1&scc=1&ltmpl=default&ltmplcache=2&emr=1&osid=1&flowName=GlifWebSignIn&flowEntry=ServiceLogin&cid=1&navigationDirection=forward']]>
            </line>
            <line>
              <![CDATA[Finding element: By.name: password, current URL: 'https://accounts.google.com/signin/v2/sl/pwd?service=mail&passive=true&rm=false&continue=https%3A%2F%2Fmail.google.com%2Fmail%2F&ss=1&scc=1&ltmpl=default&ltmplcache=2&emr=1&osid=1&flowName=GlifWebSignIn&flowEntry=ServiceLogin&cid=1&navigationDirection=forward']]>
            </line>
            <line>
              <![CDATA[Finding element: By.name: password, current URL: 'https://accounts.google.com/signin/v2/sl/pwd?service=mail&passive=true&rm=false&continue=https%3A%2F%2Fmail.google.com%2Fmail%2F&ss=1&scc=1&ltmpl=default&ltmplcache=2&emr=1&osid=1&flowName=GlifWebSignIn&flowEntry=ServiceLogin&cid=1&navigationDirection=forward']]>
            </line>
            <line>
              <![CDATA[Finding element: By.id: passwordNext, current URL: 'https://accounts.google.com/signin/v2/sl/pwd?service=mail&passive=true&rm=false&continue=https%3A%2F%2Fmail.google.com%2Fmail%2F&ss=1&scc=1&ltmpl=default&ltmplcache=2&emr=1&osid=1&flowName=GlifWebSignIn&flowEntry=ServiceLogin&cid=1&navigationDirection=forward']]>
            </line>
            <line>
              <![CDATA[Finding element: By.id: passwordNext, current URL: 'https://accounts.google.com/signin/v2/sl/pwd?service=mail&passive=true&rm=false&continue=https%3A%2F%2Fmail.google.com%2Fmail%2F&ss=1&scc=1&ltmpl=default&ltmplcache=2&emr=1&osid=1&flowName=GlifWebSignIn&flowEntry=ServiceLogin&cid=1&navigationDirection=forward']]>
            </line>
            <line>
              <![CDATA[Finding element: By.xpath: .//*[starts-with(@href,'https://accounts.google.com/SignOutOptions')], current URL: 'https://accounts.google.com/signin/v2/sl/pwd?service=mail&passive=true&rm=false&continue=https%3A%2F%2Fmail.google.com%2Fmail%2F&ss=1&scc=1&ltmpl=default&ltmplcache=2&emr=1&osid=1&flowName=GlifWebSignIn&flowEntry=ServiceLogin&cid=1&navigationDirection=forward']]>
            </line>
          </reporter-output>
        </test-method> <!-- loginValidUser -->
        <test-method status="PASS" signature="writeLetterAndSave()[pri:0, instance:tests.GmailTest@ae45eb6]" name="writeLetterAndSave" duration-ms="4233" started-at="2017-08-16T09:40:31Z" description="Write new @mail and save in DRAFTS" depends-on-methods="tests.GmailTest.loginValidUser" finished-at="2017-08-16T09:40:35Z">
          <reporter-output>
            <line>
              <![CDATA[Finding element: By.xpath: //div[contains(text(), 'НАПИСАТЬ')], current URL: 'https://mail.google.com/mail/#inbox']]>
            </line>
            <line>
              <![CDATA[Finding element: By.name: to, current URL: 'https://mail.google.com/mail/#inbox']]>
            </line>
            <line>
              <![CDATA[Finding element: By.name: to, current URL: 'https://mail.google.com/mail/#inbox?compose=new']]>
            </line>
            <line>
              <![CDATA[Finding element: By.name: subjectbox, current URL: 'https://mail.google.com/mail/#inbox?compose=new']]>
            </line>
            <line>
              <![CDATA[Finding element: By.name: subjectbox, current URL: 'https://mail.google.com/mail/#inbox?compose=new']]>
            </line>
            <line>
              <![CDATA[Finding element: By.xpath: //div[@class='Am Al editable LW-avf'], current URL: 'https://mail.google.com/mail/#inbox?compose=new']]>
            </line>
            <line>
              <![CDATA[Finding element: By.xpath: //div[@class='Am Al editable LW-avf'], current URL: 'https://mail.google.com/mail/#inbox?compose=new']]>
            </line>
            <line>
              <![CDATA[Finding element: By.xpath: //span[contains(text(), 'Сохранено')], current URL: 'https://mail.google.com/mail/#inbox?compose=new']]>
            </line>
            <line>
              <![CDATA[Finding element: By.xpath: //span[contains(text(), 'Сохранено')], current URL: 'https://mail.google.com/mail/#inbox?compose=15de9c5b9e7aeb6a']]>
            </line>
          </reporter-output>
        </test-method> <!-- writeLetterAndSave -->
        <test-method status="PASS" signature="verifyInputFields()[pri:0, instance:tests.GmailTest@ae45eb6]" name="verifyInputFields" duration-ms="1870" started-at="2017-08-16T09:40:35Z" description="Open DRAFTS and verify input fields and than send emails" depends-on-methods="tests.GmailTest.writeLetterAndSave" finished-at="2017-08-16T09:40:37Z">
          <reporter-output>
            <line>
              <![CDATA[Finding element: By.xpath: //a[contains(text(), 'Черновики')], current URL: 'https://mail.google.com/mail/#inbox']]>
            </line>
            <line>
              <![CDATA[Finding element: By.xpath: //a[contains(text(), 'Черновики')], current URL: 'https://mail.google.com/mail/#inbox']]>
            </line>
            <line>
              <![CDATA[Finding element: By.xpath: //span[contains(text(), 'Informal letter_1502865626363')], current URL: 'https://mail.google.com/mail/#inbox']]>
            </line>
            <line>
              <![CDATA[Finding element: By.xpath: //div[@role='button' and contains(text(), 'Отправить')], current URL: 'https://mail.google.com/mail/#drafts?compose=15de9c5b9e7aeb6a']]>
            </line>
            <line>
              <![CDATA[Finding element: By.xpath: //div[contains(text(), 'Письмо отправлено')], current URL: 'https://mail.google.com/mail/#drafts?compose=15de9c5b9e7aeb6a']]>
            </line>
          </reporter-output>
        </test-method> <!-- verifyInputFields -->
        <test-method status="PASS" signature="verifySentMails()[pri:0, instance:tests.GmailTest@ae45eb6]" name="verifySentMails" duration-ms="397" started-at="2017-08-16T09:40:37Z" description="Open SENT and verify" depends-on-methods="tests.GmailTest.verifyInputFields" finished-at="2017-08-16T09:40:37Z">
          <reporter-output>
            <line>
              <![CDATA[Finding element: By.xpath: //a[contains(text(), 'Отправленные')], current URL: 'https://mail.google.com/mail/#drafts']]>
            </line>
          </reporter-output>
        </test-method> <!-- verifySentMails -->
        <test-method status="PASS" signature="cleanUp()[pri:0, instance:tests.GmailTest@ae45eb6]" name="cleanUp" duration-ms="1241" started-at="2017-08-16T09:40:37Z" description="Clean" depends-on-methods="tests.GmailTest.verifySentMails" finished-at="2017-08-16T09:40:39Z">
          <reporter-output>
            <line>
              <![CDATA[Finding element: By.xpath: //a[contains(text(), 'Вся почта')], current URL: 'https://mail.google.com/mail/#sent']]>
            </line>
            <line>
              <![CDATA[Finding element: By.xpath: (//div[@data-tooltip='Выбрать' and @aria-label='Выбрать'])[last()], current URL: 'https://mail.google.com/mail/#sent']]>
            </line>
            <line>
              <![CDATA[Finding element: By.xpath: (//div[@data-tooltip='Выбрать' and @aria-label='Выбрать'])[last()], current URL: 'https://mail.google.com/mail/#sent']]>
            </line>
            <line>
              <![CDATA[Finding element: By.xpath: (//div[@aria-label='Удалить']//div)[last()], current URL: 'https://mail.google.com/mail/#all']]>
            </line>
            <line>
              <![CDATA[Finding element: By.xpath: (//div[@aria-label='Удалить']//div)[last()], current URL: 'https://mail.google.com/mail/#all']]>
            </line>
            <line>
              <![CDATA[Finding element: By.xpath: (//div[@aria-label='Удалить']//div)[last()], current URL: 'https://mail.google.com/mail/#all']]>
            </line>
            <line>
              <![CDATA[Finding element: By.xpath: (//div[@aria-label='Удалить']//div)[last()], current URL: 'https://mail.google.com/mail/#all']]>
            </line>
            <line>
              <![CDATA[Finding element: By.name: ok, current URL: 'https://mail.google.com/mail/#all']]>
            </line>
            <line>
              <![CDATA[Finding element: By.xpath: .//*[starts-with(@href,'https://accounts.google.com/SignOutOptions')], current URL: 'https://mail.google.com/mail/#all']]>
            </line>
            <line>
              <![CDATA[Finding element: By.xpath: .//*[starts-with(@href,'https://accounts.google.com/SignOutOptions')], current URL: 'https://mail.google.com/mail/#all']]>
            </line>
            <line>
              <![CDATA[Finding element: By.xpath: .//*[starts-with(@href,'https://accounts.google.com/SignOutOptions')], current URL: 'https://mail.google.com/mail/#all']]>
            </line>
            <line>
              <![CDATA[Finding element: By.linkText: Выйти, current URL: 'https://mail.google.com/mail/#all']]>
            </line>
            <line>
              <![CDATA[Finding element: By.linkText: Выйти, current URL: 'https://mail.google.com/mail/#all']]>
            </line>
          </reporter-output>
        </test-method> <!-- cleanUp -->
        <test-method status="PASS" signature="closeBrowser()[pri:0, instance:tests.GmailTest@ae45eb6]" name="closeBrowser" is-config="true" duration-ms="877" started-at="2017-08-16T09:40:39Z" description="Close browser" finished-at="2017-08-16T09:40:40Z">
          <reporter-output>
          </reporter-output>
        </test-method> <!-- closeBrowser -->
      </class> <!-- tests.GmailTest -->
    </test> <!-- Test for formal letter -->
  </suite> <!-- Suite -->
</testng-results>
